2024-07-01 16:09:30.968 [http-nio-8080-exec-2] DEBUG SQL : Select * From product p ORDER BY p.quantity DESC LIMIT 12;
2024-07-01 16:09:30.994 [http-nio-8080-exec-2] DEBUG SQL : select category0_.id as id1_1_0_, category0_.category_name as category2_1_0_ from category category0_ where category0_.id=?
2024-07-01 16:09:31.001 [http-nio-8080-exec-2] DEBUG SQL : select category0_.id as id1_1_0_, category0_.category_name as category2_1_0_ from category category0_ where category0_.id=?
2024-07-01 16:09:31.003 [http-nio-8080-exec-2] DEBUG SQL : select category0_.id as id1_1_0_, category0_.category_name as category2_1_0_ from category category0_ where category0_.id=?
2024-07-01 16:09:31.004 [http-nio-8080-exec-2] DEBUG SQL : select category0_.id as id1_1_0_, category0_.category_name as category2_1_0_ from category category0_ where category0_.id=?
2024-07-01 16:09:31.017 [http-nio-8080-exec-2] DEBUG SQL : Select * From product p ORDER BY p.created_at DESC LIMIT 12;
2024-07-01 16:09:31.020 [http-nio-8080-exec-2] DEBUG SQL : select category0_.id as id1_1_0_, category0_.category_name as category2_1_0_ from category category0_ where category0_.id=?
2024-07-01 16:09:31.407 [http-nio-8080-exec-2] DEBUG SQL : select productima0_.product_id as product_3_5_0_, productima0_.id as id1_5_0_, productima0_.id as id1_5_1_, productima0_.product_id as product_3_5_1_, productima0_.url_image as url_imag2_5_1_ from product_image productima0_ where productima0_.product_id=?
2024-07-01 16:09:31.424 [http-nio-8080-exec-2] DEBUG SQL : select productima0_.product_id as product_3_5_0_, productima0_.id as id1_5_0_, productima0_.id as id1_5_1_, productima0_.product_id as product_3_5_1_, productima0_.url_image as url_imag2_5_1_ from product_image productima0_ where productima0_.product_id=?
2024-07-01 16:09:31.427 [http-nio-8080-exec-2] DEBUG SQL : select productima0_.product_id as product_3_5_0_, productima0_.id as id1_5_0_, productima0_.id as id1_5_1_, productima0_.product_id as product_3_5_1_, productima0_.url_image as url_imag2_5_1_ from product_image productima0_ where productima0_.product_id=?
2024-07-01 16:09:31.429 [http-nio-8080-exec-2] DEBUG SQL : select productima0_.product_id as product_3_5_0_, productima0_.id as id1_5_0_, productima0_.id as id1_5_1_, productima0_.product_id as product_3_5_1_, productima0_.url_image as url_imag2_5_1_ from product_image productima0_ where productima0_.product_id=?
2024-07-01 16:09:31.434 [http-nio-8080-exec-2] DEBUG SQL : select productima0_.product_id as product_3_5_0_, productima0_.id as id1_5_0_, productima0_.id as id1_5_1_, productima0_.product_id as product_3_5_1_, productima0_.url_image as url_imag2_5_1_ from product_image productima0_ where productima0_.product_id=?
2024-07-01 16:09:31.441 [http-nio-8080-exec-2] DEBUG SQL : select productima0_.product_id as product_3_5_0_, productima0_.id as id1_5_0_, productima0_.id as id1_5_1_, productima0_.product_id as product_3_5_1_, productima0_.url_image as url_imag2_5_1_ from product_image productima0_ where productima0_.product_id=?
2024-07-01 16:09:31.446 [http-nio-8080-exec-2] DEBUG SQL : select productima0_.product_id as product_3_5_0_, productima0_.id as id1_5_0_, productima0_.id as id1_5_1_, productima0_.product_id as product_3_5_1_, productima0_.url_image as url_imag2_5_1_ from product_image productima0_ where productima0_.product_id=?
2024-07-01 16:09:31.451 [http-nio-8080-exec-2] DEBUG SQL : select productima0_.product_id as product_3_5_0_, productima0_.id as id1_5_0_, productima0_.id as id1_5_1_, productima0_.product_id as product_3_5_1_, productima0_.url_image as url_imag2_5_1_ from product_image productima0_ where productima0_.product_id=?
2024-07-01 16:09:31.459 [http-nio-8080-exec-2] DEBUG SQL : select productima0_.product_id as product_3_5_0_, productima0_.id as id1_5_0_, productima0_.id as id1_5_1_, productima0_.product_id as product_3_5_1_, productima0_.url_image as url_imag2_5_1_ from product_image productima0_ where productima0_.product_id=?
2024-07-01 16:09:31.465 [http-nio-8080-exec-2] DEBUG SQL : select productima0_.product_id as product_3_5_0_, productima0_.id as id1_5_0_, productima0_.id as id1_5_1_, productima0_.product_id as product_3_5_1_, productima0_.url_image as url_imag2_5_1_ from product_image productima0_ where productima0_.product_id=?
2024-07-01 16:09:31.470 [http-nio-8080-exec-2] DEBUG SQL : select productima0_.product_id as product_3_5_0_, productima0_.id as id1_5_0_, productima0_.id as id1_5_1_, productima0_.product_id as product_3_5_1_, productima0_.url_image as url_imag2_5_1_ from product_image productima0_ where productima0_.product_id=?
2024-07-01 16:09:31.474 [http-nio-8080-exec-2] DEBUG SQL : select productima0_.product_id as product_3_5_0_, productima0_.id as id1_5_0_, productima0_.id as id1_5_1_, productima0_.product_id as product_3_5_1_, productima0_.url_image as url_imag2_5_1_ from product_image productima0_ where productima0_.product_id=?
2024-07-01 16:09:31.485 [http-nio-8080-exec-2] DEBUG SQL : select productima0_.product_id as product_3_5_0_, productima0_.id as id1_5_0_, productima0_.id as id1_5_1_, productima0_.product_id as product_3_5_1_, productima0_.url_image as url_imag2_5_1_ from product_image productima0_ where productima0_.product_id=?
2024-07-01 16:09:31.490 [http-nio-8080-exec-2] DEBUG SQL : select productima0_.product_id as product_3_5_0_, productima0_.id as id1_5_0_, productima0_.id as id1_5_1_, productima0_.product_id as product_3_5_1_, productima0_.url_image as url_imag2_5_1_ from product_image productima0_ where productima0_.product_id=?
2024-07-01 16:09:31.498 [http-nio-8080-exec-2] DEBUG SQL : select productima0_.product_id as product_3_5_0_, productima0_.id as id1_5_0_, productima0_.id as id1_5_1_, productima0_.product_id as product_3_5_1_, productima0_.url_image as url_imag2_5_1_ from product_image productima0_ where productima0_.product_id=?
2024-07-01 16:09:31.509 [http-nio-8080-exec-2] DEBUG SQL : select productima0_.product_id as product_3_5_0_, productima0_.id as id1_5_0_, productima0_.id as id1_5_1_, productima0_.product_id as product_3_5_1_, productima0_.url_image as url_imag2_5_1_ from product_image productima0_ where productima0_.product_id=?
2024-07-01 16:09:31.517 [http-nio-8080-exec-2] DEBUG SQL : select productima0_.product_id as product_3_5_0_, productima0_.id as id1_5_0_, productima0_.id as id1_5_1_, productima0_.product_id as product_3_5_1_, productima0_.url_image as url_imag2_5_1_ from product_image productima0_ where productima0_.product_id=?
2024-07-01 16:09:31.524 [http-nio-8080-exec-2] DEBUG SQL : select productima0_.product_id as product_3_5_0_, productima0_.id as id1_5_0_, productima0_.id as id1_5_1_, productima0_.product_id as product_3_5_1_, productima0_.url_image as url_imag2_5_1_ from product_image productima0_ where productima0_.product_id=?
2024-07-01 16:09:31.532 [http-nio-8080-exec-2] DEBUG SQL : select productima0_.product_id as product_3_5_0_, productima0_.id as id1_5_0_, productima0_.id as id1_5_1_, productima0_.product_id as product_3_5_1_, productima0_.url_image as url_imag2_5_1_ from product_image productima0_ where productima0_.product_id=?
2024-07-01 16:09:31.540 [http-nio-8080-exec-2] DEBUG SQL : select productima0_.product_id as product_3_5_0_, productima0_.id as id1_5_0_, productima0_.id as id1_5_1_, productima0_.product_id as product_3_5_1_, productima0_.url_image as url_imag2_5_1_ from product_image productima0_ where productima0_.product_id=?
2024-07-01 16:09:58.125 [http-nio-8080-exec-5] DEBUG SQL : select user0_.id as id1_6_, user0_.avatar as avatar2_6_, user0_.email as email3_6_, user0_.full_name as full_nam4_6_, user0_.login_type as login_ty5_6_, user0_.password as password6_6_, user0_.phone_number as phone_nu7_6_, user0_.role as role8_6_ from user user0_ where user0_.email=? and user0_.id=?
2024-07-01 16:09:58.151 [http-nio-8080-exec-5] DEBUG SQL : select user0_.id as id1_6_1_, user0_.avatar as avatar2_6_1_, user0_.email as email3_6_1_, user0_.full_name as full_nam4_6_1_, user0_.login_type as login_ty5_6_1_, user0_.password as password6_6_1_, user0_.phone_number as phone_nu7_6_1_, user0_.role as role8_6_1_, cart1_.user_id as user_id4_0_3_, cart1_.id as id1_0_3_, cart1_.id as id1_0_0_, cart1_.count as count2_0_0_, cart1_.product_id as product_3_0_0_, cart1_.user_id as user_id4_0_0_ from user user0_ left outer join cart cart1_ on user0_.id=cart1_.user_id where user0_.id=?
2024-07-01 16:09:58.168 [http-nio-8080-exec-5] DEBUG SQL : insert into user (avatar, email, full_name, login_type, password, phone_number, role, id) values (?, ?, ?, ?, ?, ?, ?, ?)
2024-07-01 16:10:19.445 [http-nio-8080-exec-8] DEBUG SQL : select user0_.id as id1_6_, user0_.avatar as avatar2_6_, user0_.email as email3_6_, user0_.full_name as full_nam4_6_, user0_.login_type as login_ty5_6_, user0_.password as password6_6_, user0_.phone_number as phone_nu7_6_, user0_.role as role8_6_ from user user0_ where user0_.id=? and user0_.role=?
2024-07-01 16:10:19.456 [http-nio-8080-exec-8] DEBUG SQL : select cart0_.id as id1_0_, cart0_.count as count2_0_, cart0_.product_id as product_3_0_, cart0_.user_id as user_id4_0_ from cart cart0_ left outer join user user1_ on cart0_.user_id=user1_.id where user1_.id=?
2024-07-01 16:10:19.461 [http-nio-8080-exec-2] DEBUG SQL : select user0_.id as id1_6_, user0_.avatar as avatar2_6_, user0_.email as email3_6_, user0_.full_name as full_nam4_6_, user0_.login_type as login_ty5_6_, user0_.password as password6_6_, user0_.phone_number as phone_nu7_6_, user0_.role as role8_6_ from user user0_ where user0_.id=? and user0_.role=?
2024-07-01 16:10:19.464 [http-nio-8080-exec-2] DEBUG SQL : select cart0_.id as id1_0_, cart0_.count as count2_0_, cart0_.product_id as product_3_0_, cart0_.user_id as user_id4_0_ from cart cart0_ left outer join user user1_ on cart0_.user_id=user1_.id where user1_.id=?
2024-07-01 16:10:19.465 [http-nio-8080-exec-2] DEBUG SQL : select cart0_.id as id1_0_, cart0_.count as count2_0_, cart0_.product_id as product_3_0_, cart0_.user_id as user_id4_0_ from cart cart0_ left outer join user user1_ on cart0_.user_id=user1_.id where user1_.id=?
2024-07-01 16:10:19.466 [http-nio-8080-exec-2] DEBUG SQL : Select * From product p ORDER BY p.quantity DESC LIMIT 12;
2024-07-01 16:10:19.469 [http-nio-8080-exec-2] DEBUG SQL : select category0_.id as id1_1_0_, category0_.category_name as category2_1_0_ from category category0_ where category0_.id=?
2024-07-01 16:10:19.471 [http-nio-8080-exec-2] DEBUG SQL : select category0_.id as id1_1_0_, category0_.category_name as category2_1_0_ from category category0_ where category0_.id=?
2024-07-01 16:10:19.473 [http-nio-8080-exec-2] DEBUG SQL : select category0_.id as id1_1_0_, category0_.category_name as category2_1_0_ from category category0_ where category0_.id=?
2024-07-01 16:10:19.475 [http-nio-8080-exec-2] DEBUG SQL : select category0_.id as id1_1_0_, category0_.category_name as category2_1_0_ from category category0_ where category0_.id=?
2024-07-01 16:10:19.476 [http-nio-8080-exec-2] DEBUG SQL : Select * From product p ORDER BY p.created_at DESC LIMIT 12;
2024-07-01 16:10:19.479 [http-nio-8080-exec-2] DEBUG SQL : select category0_.id as id1_1_0_, category0_.category_name as category2_1_0_ from category category0_ where category0_.id=?
2024-07-01 16:10:19.486 [http-nio-8080-exec-2] DEBUG SQL : select productima0_.product_id as product_3_5_0_, productima0_.id as id1_5_0_, productima0_.id as id1_5_1_, productima0_.product_id as product_3_5_1_, productima0_.url_image as url_imag2_5_1_ from product_image productima0_ where productima0_.product_id=?
2024-07-01 16:10:19.490 [http-nio-8080-exec-2] DEBUG SQL : select productima0_.product_id as product_3_5_0_, productima0_.id as id1_5_0_, productima0_.id as id1_5_1_, productima0_.product_id as product_3_5_1_, productima0_.url_image as url_imag2_5_1_ from product_image productima0_ where productima0_.product_id=?
2024-07-01 16:10:19.492 [http-nio-8080-exec-2] DEBUG SQL : select productima0_.product_id as product_3_5_0_, productima0_.id as id1_5_0_, productima0_.id as id1_5_1_, productima0_.product_id as product_3_5_1_, productima0_.url_image as url_imag2_5_1_ from product_image productima0_ where productima0_.product_id=?
2024-07-01 16:10:19.495 [http-nio-8080-exec-2] DEBUG SQL : select productima0_.product_id as product_3_5_0_, productima0_.id as id1_5_0_, productima0_.id as id1_5_1_, productima0_.product_id as product_3_5_1_, productima0_.url_image as url_imag2_5_1_ from product_image productima0_ where productima0_.product_id=?
2024-07-01 16:10:19.497 [http-nio-8080-exec-2] DEBUG SQL : select productima0_.product_id as product_3_5_0_, productima0_.id as id1_5_0_, productima0_.id as id1_5_1_, productima0_.product_id as product_3_5_1_, productima0_.url_image as url_imag2_5_1_ from product_image productima0_ where productima0_.product_id=?
2024-07-01 16:10:19.502 [http-nio-8080-exec-2] DEBUG SQL : select productima0_.product_id as product_3_5_0_, productima0_.id as id1_5_0_, productima0_.id as id1_5_1_, productima0_.product_id as product_3_5_1_, productima0_.url_image as url_imag2_5_1_ from product_image productima0_ where productima0_.product_id=?
2024-07-01 16:10:19.507 [http-nio-8080-exec-2] DEBUG SQL : select productima0_.product_id as product_3_5_0_, productima0_.id as id1_5_0_, productima0_.id as id1_5_1_, productima0_.product_id as product_3_5_1_, productima0_.url_image as url_imag2_5_1_ from product_image productima0_ where productima0_.product_id=?
2024-07-01 16:10:19.510 [http-nio-8080-exec-2] DEBUG SQL : select productima0_.product_id as product_3_5_0_, productima0_.id as id1_5_0_, productima0_.id as id1_5_1_, productima0_.product_id as product_3_5_1_, productima0_.url_image as url_imag2_5_1_ from product_image productima0_ where productima0_.product_id=?
2024-07-01 16:10:19.513 [http-nio-8080-exec-2] DEBUG SQL : select productima0_.product_id as product_3_5_0_, productima0_.id as id1_5_0_, productima0_.id as id1_5_1_, productima0_.product_id as product_3_5_1_, productima0_.url_image as url_imag2_5_1_ from product_image productima0_ where productima0_.product_id=?
2024-07-01 16:10:19.518 [http-nio-8080-exec-2] DEBUG SQL : select productima0_.product_id as product_3_5_0_, productima0_.id as id1_5_0_, productima0_.id as id1_5_1_, productima0_.product_id as product_3_5_1_, productima0_.url_image as url_imag2_5_1_ from product_image productima0_ where productima0_.product_id=?
2024-07-01 16:10:19.522 [http-nio-8080-exec-2] DEBUG SQL : select productima0_.product_id as product_3_5_0_, productima0_.id as id1_5_0_, productima0_.id as id1_5_1_, productima0_.product_id as product_3_5_1_, productima0_.url_image as url_imag2_5_1_ from product_image productima0_ where productima0_.product_id=?
2024-07-01 16:10:19.525 [http-nio-8080-exec-2] DEBUG SQL : select productima0_.product_id as product_3_5_0_, productima0_.id as id1_5_0_, productima0_.id as id1_5_1_, productima0_.product_id as product_3_5_1_, productima0_.url_image as url_imag2_5_1_ from product_image productima0_ where productima0_.product_id=?
2024-07-01 16:10:19.530 [http-nio-8080-exec-2] DEBUG SQL : select productima0_.product_id as product_3_5_0_, productima0_.id as id1_5_0_, productima0_.id as id1_5_1_, productima0_.product_id as product_3_5_1_, productima0_.url_image as url_imag2_5_1_ from product_image productima0_ where productima0_.product_id=?
2024-07-01 16:10:19.534 [http-nio-8080-exec-2] DEBUG SQL : select productima0_.product_id as product_3_5_0_, productima0_.id as id1_5_0_, productima0_.id as id1_5_1_, productima0_.product_id as product_3_5_1_, productima0_.url_image as url_imag2_5_1_ from product_image productima0_ where productima0_.product_id=?
2024-07-01 16:10:19.542 [http-nio-8080-exec-2] DEBUG SQL : select productima0_.product_id as product_3_5_0_, productima0_.id as id1_5_0_, productima0_.id as id1_5_1_, productima0_.product_id as product_3_5_1_, productima0_.url_image as url_imag2_5_1_ from product_image productima0_ where productima0_.product_id=?
2024-07-01 16:10:19.548 [http-nio-8080-exec-2] DEBUG SQL : select productima0_.product_id as product_3_5_0_, productima0_.id as id1_5_0_, productima0_.id as id1_5_1_, productima0_.product_id as product_3_5_1_, productima0_.url_image as url_imag2_5_1_ from product_image productima0_ where productima0_.product_id=?
2024-07-01 16:10:19.552 [http-nio-8080-exec-2] DEBUG SQL : select productima0_.product_id as product_3_5_0_, productima0_.id as id1_5_0_, productima0_.id as id1_5_1_, productima0_.product_id as product_3_5_1_, productima0_.url_image as url_imag2_5_1_ from product_image productima0_ where productima0_.product_id=?
2024-07-01 16:10:19.556 [http-nio-8080-exec-2] DEBUG SQL : select productima0_.product_id as product_3_5_0_, productima0_.id as id1_5_0_, productima0_.id as id1_5_1_, productima0_.product_id as product_3_5_1_, productima0_.url_image as url_imag2_5_1_ from product_image productima0_ where productima0_.product_id=?
2024-07-01 16:10:19.559 [http-nio-8080-exec-2] DEBUG SQL : select productima0_.product_id as product_3_5_0_, productima0_.id as id1_5_0_, productima0_.id as id1_5_1_, productima0_.product_id as product_3_5_1_, productima0_.url_image as url_imag2_5_1_ from product_image productima0_ where productima0_.product_id=?
2024-07-01 16:10:19.563 [http-nio-8080-exec-2] DEBUG SQL : select productima0_.product_id as product_3_5_0_, productima0_.id as id1_5_0_, productima0_.id as id1_5_1_, productima0_.product_id as product_3_5_1_, productima0_.url_image as url_imag2_5_1_ from product_image productima0_ where productima0_.product_id=?
2024-07-01 16:10:22.805 [http-nio-8080-exec-8] DEBUG SQL : select cart0_.id as id1_0_, cart0_.count as count2_0_, cart0_.product_id as product_3_0_, cart0_.user_id as user_id4_0_ from cart cart0_ left outer join user user1_ on cart0_.user_id=user1_.id where user1_.id=?
2024-07-01 16:10:22.813 [http-nio-8080-exec-8] DEBUG SQL : select product0_.id as id1_4_, product0_.category_id as categor10_4_, product0_.created_at as created_2_4_, product0_.description as descript3_4_, product0_.is_active as is_activ4_4_, product0_.is_selling as is_selli5_4_, product0_.price as price6_4_, product0_.product_name as product_7_4_, product0_.quantity as quantity8_4_, product0_.sold as sold9_4_ from product product0_ where product0_.id=?
2024-07-01 16:10:22.817 [http-nio-8080-exec-8] DEBUG SQL : select category0_.id as id1_1_0_, category0_.category_name as category2_1_0_ from category category0_ where category0_.id=?
2024-07-01 16:10:22.829 [http-nio-8080-exec-8] DEBUG SQL : select user_.id, user_.avatar as avatar2_6_, user_.email as email3_6_, user_.full_name as full_nam4_6_, user_.login_type as login_ty5_6_, user_.password as password6_6_, user_.phone_number as phone_nu7_6_, user_.role as role8_6_ from user user_ where user_.id=?
2024-07-01 16:10:22.832 [http-nio-8080-exec-8] DEBUG SQL : insert into cart (count, product_id, user_id) values (?, ?, ?)
2024-07-01 16:10:22.846 [http-nio-8080-exec-8] DEBUG SQL : select cart0_.id as id1_0_, cart0_.count as count2_0_, cart0_.product_id as product_3_0_, cart0_.user_id as user_id4_0_ from cart cart0_ left outer join user user1_ on cart0_.user_id=user1_.id where user1_.id=?
2024-07-01 16:10:22.856 [http-nio-8080-exec-5] DEBUG SQL : select user0_.id as id1_6_, user0_.avatar as avatar2_6_, user0_.email as email3_6_, user0_.full_name as full_nam4_6_, user0_.login_type as login_ty5_6_, user0_.password as password6_6_, user0_.phone_number as phone_nu7_6_, user0_.role as role8_6_ from user user0_ where user0_.id=? and user0_.role=?
2024-07-01 16:10:22.858 [http-nio-8080-exec-5] DEBUG SQL : select cart0_.id as id1_0_, cart0_.count as count2_0_, cart0_.product_id as product_3_0_, cart0_.user_id as user_id4_0_ from cart cart0_ left outer join user user1_ on cart0_.user_id=user1_.id where user1_.id=?
2024-07-01 16:10:22.860 [http-nio-8080-exec-5] DEBUG SQL : select product0_.id as id1_4_0_, product0_.category_id as categor10_4_0_, product0_.created_at as created_2_4_0_, product0_.description as descript3_4_0_, product0_.is_active as is_activ4_4_0_, product0_.is_selling as is_selli5_4_0_, product0_.price as price6_4_0_, product0_.product_name as product_7_4_0_, product0_.quantity as quantity8_4_0_, product0_.sold as sold9_4_0_, category1_.id as id1_1_1_, category1_.category_name as category2_1_1_ from product product0_ left outer join category category1_ on product0_.category_id=category1_.id where product0_.id=?
2024-07-01 16:10:22.864 [http-nio-8080-exec-5] DEBUG SQL : select cart0_.id as id1_0_, cart0_.count as count2_0_, cart0_.product_id as product_3_0_, cart0_.user_id as user_id4_0_ from cart cart0_ left outer join user user1_ on cart0_.user_id=user1_.id where user1_.id=?
2024-07-01 16:10:22.867 [http-nio-8080-exec-5] DEBUG SQL : Select * From product p ORDER BY p.quantity DESC LIMIT 12;
2024-07-01 16:10:22.871 [http-nio-8080-exec-5] DEBUG SQL : select category0_.id as id1_1_0_, category0_.category_name as category2_1_0_ from category category0_ where category0_.id=?
2024-07-01 16:10:22.873 [http-nio-8080-exec-5] DEBUG SQL : select category0_.id as id1_1_0_, category0_.category_name as category2_1_0_ from category category0_ where category0_.id=?
2024-07-01 16:10:22.875 [http-nio-8080-exec-5] DEBUG SQL : select category0_.id as id1_1_0_, category0_.category_name as category2_1_0_ from category category0_ where category0_.id=?
2024-07-01 16:10:22.880 [http-nio-8080-exec-5] DEBUG SQL : Select * From product p ORDER BY p.created_at DESC LIMIT 12;
2024-07-01 16:10:22.884 [http-nio-8080-exec-5] DEBUG SQL : select category0_.id as id1_1_0_, category0_.category_name as category2_1_0_ from category category0_ where category0_.id=?
2024-07-01 16:10:22.896 [http-nio-8080-exec-5] DEBUG SQL : select productima0_.product_id as product_3_5_0_, productima0_.id as id1_5_0_, productima0_.id as id1_5_1_, productima0_.product_id as product_3_5_1_, productima0_.url_image as url_imag2_5_1_ from product_image productima0_ where productima0_.product_id=?
2024-07-01 16:10:22.902 [http-nio-8080-exec-5] DEBUG SQL : select productima0_.product_id as product_3_5_0_, productima0_.id as id1_5_0_, productima0_.id as id1_5_1_, productima0_.product_id as product_3_5_1_, productima0_.url_image as url_imag2_5_1_ from product_image productima0_ where productima0_.product_id=?
2024-07-01 16:10:22.907 [http-nio-8080-exec-5] DEBUG SQL : select productima0_.product_id as product_3_5_0_, productima0_.id as id1_5_0_, productima0_.id as id1_5_1_, productima0_.product_id as product_3_5_1_, productima0_.url_image as url_imag2_5_1_ from product_image productima0_ where productima0_.product_id=?
2024-07-01 16:10:22.912 [http-nio-8080-exec-5] DEBUG SQL : select productima0_.product_id as product_3_5_0_, productima0_.id as id1_5_0_, productima0_.id as id1_5_1_, productima0_.product_id as product_3_5_1_, productima0_.url_image as url_imag2_5_1_ from product_image productima0_ where productima0_.product_id=?
2024-07-01 16:10:22.917 [http-nio-8080-exec-5] DEBUG SQL : select productima0_.product_id as product_3_5_0_, productima0_.id as id1_5_0_, productima0_.id as id1_5_1_, productima0_.product_id as product_3_5_1_, productima0_.url_image as url_imag2_5_1_ from product_image productima0_ where productima0_.product_id=?
2024-07-01 16:10:22.923 [http-nio-8080-exec-5] DEBUG SQL : select productima0_.product_id as product_3_5_0_, productima0_.id as id1_5_0_, productima0_.id as id1_5_1_, productima0_.product_id as product_3_5_1_, productima0_.url_image as url_imag2_5_1_ from product_image productima0_ where productima0_.product_id=?
2024-07-01 16:10:22.929 [http-nio-8080-exec-5] DEBUG SQL : select productima0_.product_id as product_3_5_0_, productima0_.id as id1_5_0_, productima0_.id as id1_5_1_, productima0_.product_id as product_3_5_1_, productima0_.url_image as url_imag2_5_1_ from product_image productima0_ where productima0_.product_id=?
2024-07-01 16:10:22.934 [http-nio-8080-exec-5] DEBUG SQL : select productima0_.product_id as product_3_5_0_, productima0_.id as id1_5_0_, productima0_.id as id1_5_1_, productima0_.product_id as product_3_5_1_, productima0_.url_image as url_imag2_5_1_ from product_image productima0_ where productima0_.product_id=?
2024-07-01 16:10:22.939 [http-nio-8080-exec-5] DEBUG SQL : select productima0_.product_id as product_3_5_0_, productima0_.id as id1_5_0_, productima0_.id as id1_5_1_, productima0_.product_id as product_3_5_1_, productima0_.url_image as url_imag2_5_1_ from product_image productima0_ where productima0_.product_id=?
2024-07-01 16:10:22.944 [http-nio-8080-exec-5] DEBUG SQL : select productima0_.product_id as product_3_5_0_, productima0_.id as id1_5_0_, productima0_.id as id1_5_1_, productima0_.product_id as product_3_5_1_, productima0_.url_image as url_imag2_5_1_ from product_image productima0_ where productima0_.product_id=?
2024-07-01 16:10:22.949 [http-nio-8080-exec-5] DEBUG SQL : select productima0_.product_id as product_3_5_0_, productima0_.id as id1_5_0_, productima0_.id as id1_5_1_, productima0_.product_id as product_3_5_1_, productima0_.url_image as url_imag2_5_1_ from product_image productima0_ where productima0_.product_id=?
2024-07-01 16:10:22.954 [http-nio-8080-exec-5] DEBUG SQL : select productima0_.product_id as product_3_5_0_, productima0_.id as id1_5_0_, productima0_.id as id1_5_1_, productima0_.product_id as product_3_5_1_, productima0_.url_image as url_imag2_5_1_ from product_image productima0_ where productima0_.product_id=?
2024-07-01 16:10:22.964 [http-nio-8080-exec-5] DEBUG SQL : select productima0_.product_id as product_3_5_0_, productima0_.id as id1_5_0_, productima0_.id as id1_5_1_, productima0_.product_id as product_3_5_1_, productima0_.url_image as url_imag2_5_1_ from product_image productima0_ where productima0_.product_id=?
2024-07-01 16:10:22.970 [http-nio-8080-exec-5] DEBUG SQL : select productima0_.product_id as product_3_5_0_, productima0_.id as id1_5_0_, productima0_.id as id1_5_1_, productima0_.product_id as product_3_5_1_, productima0_.url_image as url_imag2_5_1_ from product_image productima0_ where productima0_.product_id=?
2024-07-01 16:10:22.975 [http-nio-8080-exec-5] DEBUG SQL : select productima0_.product_id as product_3_5_0_, productima0_.id as id1_5_0_, productima0_.id as id1_5_1_, productima0_.product_id as product_3_5_1_, productima0_.url_image as url_imag2_5_1_ from product_image productima0_ where productima0_.product_id=?
2024-07-01 16:10:22.980 [http-nio-8080-exec-5] DEBUG SQL : select productima0_.product_id as product_3_5_0_, productima0_.id as id1_5_0_, productima0_.id as id1_5_1_, productima0_.product_id as product_3_5_1_, productima0_.url_image as url_imag2_5_1_ from product_image productima0_ where productima0_.product_id=?
2024-07-01 16:10:22.988 [http-nio-8080-exec-5] DEBUG SQL : select productima0_.product_id as product_3_5_0_, productima0_.id as id1_5_0_, productima0_.id as id1_5_1_, productima0_.product_id as product_3_5_1_, productima0_.url_image as url_imag2_5_1_ from product_image productima0_ where productima0_.product_id=?
2024-07-01 16:10:22.994 [http-nio-8080-exec-5] DEBUG SQL : select productima0_.product_id as product_3_5_0_, productima0_.id as id1_5_0_, productima0_.id as id1_5_1_, productima0_.product_id as product_3_5_1_, productima0_.url_image as url_imag2_5_1_ from product_image productima0_ where productima0_.product_id=?
2024-07-01 16:10:23.001 [http-nio-8080-exec-5] DEBUG SQL : select productima0_.product_id as product_3_5_0_, productima0_.id as id1_5_0_, productima0_.id as id1_5_1_, productima0_.product_id as product_3_5_1_, productima0_.url_image as url_imag2_5_1_ from product_image productima0_ where productima0_.product_id=?
2024-07-01 16:10:23.008 [http-nio-8080-exec-5] DEBUG SQL : select productima0_.product_id as product_3_5_0_, productima0_.id as id1_5_0_, productima0_.id as id1_5_1_, productima0_.product_id as product_3_5_1_, productima0_.url_image as url_imag2_5_1_ from product_image productima0_ where productima0_.product_id=?
2024-07-01 16:10:24.777 [http-nio-8080-exec-7] DEBUG SQL : select cart0_.id as id1_0_, cart0_.count as count2_0_, cart0_.product_id as product_3_0_, cart0_.user_id as user_id4_0_ from cart cart0_ left outer join user user1_ on cart0_.user_id=user1_.id where user1_.id=?
2024-07-01 16:10:24.778 [http-nio-8080-exec-7] DEBUG SQL : select product0_.id as id1_4_0_, product0_.category_id as categor10_4_0_, product0_.created_at as created_2_4_0_, product0_.description as descript3_4_0_, product0_.is_active as is_activ4_4_0_, product0_.is_selling as is_selli5_4_0_, product0_.price as price6_4_0_, product0_.product_name as product_7_4_0_, product0_.quantity as quantity8_4_0_, product0_.sold as sold9_4_0_, category1_.id as id1_1_1_, category1_.category_name as category2_1_1_ from product product0_ left outer join category category1_ on product0_.category_id=category1_.id where product0_.id=?
2024-07-01 16:10:24.780 [http-nio-8080-exec-7] DEBUG SQL : select user0_.id as id1_6_0_, user0_.avatar as avatar2_6_0_, user0_.email as email3_6_0_, user0_.full_name as full_nam4_6_0_, user0_.login_type as login_ty5_6_0_, user0_.password as password6_6_0_, user0_.phone_number as phone_nu7_6_0_, user0_.role as role8_6_0_ from user user0_ where user0_.id=?
2024-07-01 16:10:24.789 [http-nio-8080-exec-7] DEBUG SQL : select productima0_.product_id as product_3_5_0_, productima0_.id as id1_5_0_, productima0_.id as id1_5_1_, productima0_.product_id as product_3_5_1_, productima0_.url_image as url_imag2_5_1_ from product_image productima0_ where productima0_.product_id=?
2024-07-01 16:10:26.442 [http-nio-8080-exec-8] DEBUG SQL : select cart0_.id as id1_0_, cart0_.count as count2_0_, cart0_.product_id as product_3_0_, cart0_.user_id as user_id4_0_ from cart cart0_ left outer join user user1_ on cart0_.user_id=user1_.id where user1_.id=?
2024-07-01 16:10:26.443 [http-nio-8080-exec-8] DEBUG SQL : select product0_.id as id1_4_0_, product0_.category_id as categor10_4_0_, product0_.created_at as created_2_4_0_, product0_.description as descript3_4_0_, product0_.is_active as is_activ4_4_0_, product0_.is_selling as is_selli5_4_0_, product0_.price as price6_4_0_, product0_.product_name as product_7_4_0_, product0_.quantity as quantity8_4_0_, product0_.sold as sold9_4_0_, category1_.id as id1_1_1_, category1_.category_name as category2_1_1_ from product product0_ left outer join category category1_ on product0_.category_id=category1_.id where product0_.id=?
2024-07-01 16:10:26.444 [http-nio-8080-exec-8] DEBUG SQL : select user0_.id as id1_6_0_, user0_.avatar as avatar2_6_0_, user0_.email as email3_6_0_, user0_.full_name as full_nam4_6_0_, user0_.login_type as login_ty5_6_0_, user0_.password as password6_6_0_, user0_.phone_number as phone_nu7_6_0_, user0_.role as role8_6_0_ from user user0_ where user0_.id=?
2024-07-01 16:12:46.128 [http-nio-8080-exec-1] DEBUG SQL : select user0_.id as id1_6_, user0_.avatar as avatar2_6_, user0_.email as email3_6_, user0_.full_name as full_nam4_6_, user0_.login_type as login_ty5_6_, user0_.password as password6_6_, user0_.phone_number as phone_nu7_6_, user0_.role as role8_6_ from user user0_ where user0_.id=? and user0_.role=?
2024-07-01 16:12:46.143 [http-nio-8080-exec-7] DEBUG SQL : select order0_.id as id1_2_, order0_.address as address2_2_, order0_.booking_date as booking_3_2_, order0_.country as country4_2_, order0_.email as email5_2_, order0_.fullname as fullname6_2_, order0_.note as note7_2_, order0_.payment_method as payment_8_2_, order0_.phone as phone9_2_, order0_.status as status10_2_, order0_.total as total11_2_, order0_.user_id as user_id12_2_ from `order` order0_
2024-07-01 16:12:46.146 [http-nio-8080-exec-7] DEBUG SQL : select user0_.id as id1_6_0_, user0_.avatar as avatar2_6_0_, user0_.email as email3_6_0_, user0_.full_name as full_nam4_6_0_, user0_.login_type as login_ty5_6_0_, user0_.password as password6_6_0_, user0_.phone_number as phone_nu7_6_0_, user0_.role as role8_6_0_ from user user0_ where user0_.id=?
2024-07-01 16:12:46.147 [http-nio-8080-exec-7] DEBUG SQL : select user0_.id as id1_6_0_, user0_.avatar as avatar2_6_0_, user0_.email as email3_6_0_, user0_.full_name as full_nam4_6_0_, user0_.login_type as login_ty5_6_0_, user0_.password as password6_6_0_, user0_.phone_number as phone_nu7_6_0_, user0_.role as role8_6_0_ from user user0_ where user0_.id=?
2024-07-01 16:12:46.149 [http-nio-8080-exec-7] DEBUG SQL : select user0_.id as id1_6_0_, user0_.avatar as avatar2_6_0_, user0_.email as email3_6_0_, user0_.full_name as full_nam4_6_0_, user0_.login_type as login_ty5_6_0_, user0_.password as password6_6_0_, user0_.phone_number as phone_nu7_6_0_, user0_.role as role8_6_0_ from user user0_ where user0_.id=?
2024-07-01 16:12:46.154 [http-nio-8080-exec-7] DEBUG SQL : select product0_.id as id1_4_, product0_.category_id as categor10_4_, product0_.created_at as created_2_4_, product0_.description as descript3_4_, product0_.is_active as is_activ4_4_, product0_.is_selling as is_selli5_4_, product0_.price as price6_4_, product0_.product_name as product_7_4_, product0_.quantity as quantity8_4_, product0_.sold as sold9_4_ from product product0_
2024-07-01 16:12:46.160 [http-nio-8080-exec-7] DEBUG SQL : select category0_.id as id1_1_0_, category0_.category_name as category2_1_0_ from category category0_ where category0_.id=?
2024-07-01 16:12:46.163 [http-nio-8080-exec-7] DEBUG SQL : select category0_.id as id1_1_0_, category0_.category_name as category2_1_0_ from category category0_ where category0_.id=?
2024-07-01 16:12:46.166 [http-nio-8080-exec-7] DEBUG SQL : select category0_.id as id1_1_0_, category0_.category_name as category2_1_0_ from category category0_ where category0_.id=?
2024-07-01 16:12:46.168 [http-nio-8080-exec-7] DEBUG SQL : select category0_.id as id1_1_0_, category0_.category_name as category2_1_0_ from category category0_ where category0_.id=?
2024-07-01 16:12:46.169 [http-nio-8080-exec-7] DEBUG SQL : select category0_.id as id1_1_0_, category0_.category_name as category2_1_0_ from category category0_ where category0_.id=?
2024-07-01 16:12:46.174 [http-nio-8080-exec-7] DEBUG SQL : select user0_.id as id1_6_, user0_.avatar as avatar2_6_, user0_.email as email3_6_, user0_.full_name as full_nam4_6_, user0_.login_type as login_ty5_6_, user0_.password as password6_6_, user0_.phone_number as phone_nu7_6_, user0_.role as role8_6_ from user user0_
2024-07-01 16:12:46.181 [http-nio-8080-exec-7] DEBUG SQL : select category0_.id as id1_1_, category0_.category_name as category2_1_ from category category0_
2024-07-01 16:12:46.185 [http-nio-8080-exec-7] DEBUG SQL : Select * From `order` o ORDER BY o.id DESC LIMIT 5;
2024-07-01 16:12:46.187 [http-nio-8080-exec-7] DEBUG SQL : Select distinct o.user_id From `order` o ORDER BY o.id DESC LIMIT 5;
2024-07-01 16:12:46.192 [http-nio-8080-exec-7] DEBUG SQL : select user0_.id as id1_6_, user0_.avatar as avatar2_6_, user0_.email as email3_6_, user0_.full_name as full_nam4_6_, user0_.login_type as login_ty5_6_, user0_.password as password6_6_, user0_.phone_number as phone_nu7_6_, user0_.role as role8_6_ from user user0_ where user0_.id=? and user0_.role=?
2024-07-01 16:12:46.193 [http-nio-8080-exec-7] DEBUG SQL : select user0_.id as id1_6_, user0_.avatar as avatar2_6_, user0_.email as email3_6_, user0_.full_name as full_nam4_6_, user0_.login_type as login_ty5_6_, user0_.password as password6_6_, user0_.phone_number as phone_nu7_6_, user0_.role as role8_6_ from user user0_ where user0_.id=? and user0_.role=?
2024-07-01 16:12:46.195 [http-nio-8080-exec-7] DEBUG SQL : select user0_.id as id1_6_, user0_.avatar as avatar2_6_, user0_.email as email3_6_, user0_.full_name as full_nam4_6_, user0_.login_type as login_ty5_6_, user0_.password as password6_6_, user0_.phone_number as phone_nu7_6_, user0_.role as role8_6_ from user user0_ where user0_.id=? and user0_.role=?
2024-07-01 16:14:26.752 [http-nio-8080-exec-7] DEBUG SQL : select category0_.id as id1_1_, category0_.category_name as category2_1_ from category category0_
2024-07-01 16:14:26.757 [http-nio-8080-exec-7] DEBUG SQL : select product0_.id as id1_4_, product0_.category_id as categor10_4_, product0_.created_at as created_2_4_, product0_.description as descript3_4_, product0_.is_active as is_activ4_4_, product0_.is_selling as is_selli5_4_, product0_.price as price6_4_, product0_.product_name as product_7_4_, product0_.quantity as quantity8_4_, product0_.sold as sold9_4_ from product product0_ limit ?
2024-07-01 16:14:26.763 [http-nio-8080-exec-7] DEBUG SQL : select count(product0_.id) as col_0_0_ from product product0_
2024-07-01 16:14:26.783 [http-nio-8080-exec-7] DEBUG SQL : select productima0_.product_id as product_3_5_0_, productima0_.id as id1_5_0_, productima0_.id as id1_5_1_, productima0_.product_id as product_3_5_1_, productima0_.url_image as url_imag2_5_1_ from product_image productima0_ where productima0_.product_id=?
2024-07-01 16:14:26.788 [http-nio-8080-exec-7] DEBUG SQL : select productima0_.product_id as product_3_5_0_, productima0_.id as id1_5_0_, productima0_.id as id1_5_1_, productima0_.product_id as product_3_5_1_, productima0_.url_image as url_imag2_5_1_ from product_image productima0_ where productima0_.product_id=?
2024-07-01 16:14:26.790 [http-nio-8080-exec-7] DEBUG SQL : select productima0_.product_id as product_3_5_0_, productima0_.id as id1_5_0_, productima0_.id as id1_5_1_, productima0_.product_id as product_3_5_1_, productima0_.url_image as url_imag2_5_1_ from product_image productima0_ where productima0_.product_id=?
2024-07-01 16:14:30.388 [http-nio-8080-exec-4] DEBUG SQL : select category0_.id as id1_1_, category0_.category_name as category2_1_ from category category0_
2024-07-01 16:17:32.126 [http-nio-8080-exec-5] DEBUG SQL : select category0_.id as id1_1_, category0_.category_name as category2_1_ from category category0_
2024-07-01 16:17:32.130 [http-nio-8080-exec-5] DEBUG SQL : select product0_.id as id1_4_, product0_.category_id as categor10_4_, product0_.created_at as created_2_4_, product0_.description as descript3_4_, product0_.is_active as is_activ4_4_, product0_.is_selling as is_selli5_4_, product0_.price as price6_4_, product0_.product_name as product_7_4_, product0_.quantity as quantity8_4_, product0_.sold as sold9_4_ from product product0_ limit ?
2024-07-01 16:17:32.133 [http-nio-8080-exec-5] DEBUG SQL : select count(product0_.id) as col_0_0_ from product product0_
2024-07-01 16:17:32.139 [http-nio-8080-exec-5] DEBUG SQL : select productima0_.product_id as product_3_5_0_, productima0_.id as id1_5_0_, productima0_.id as id1_5_1_, productima0_.product_id as product_3_5_1_, productima0_.url_image as url_imag2_5_1_ from product_image productima0_ where productima0_.product_id=?
2024-07-01 16:17:32.142 [http-nio-8080-exec-5] DEBUG SQL : select productima0_.product_id as product_3_5_0_, productima0_.id as id1_5_0_, productima0_.id as id1_5_1_, productima0_.product_id as product_3_5_1_, productima0_.url_image as url_imag2_5_1_ from product_image productima0_ where productima0_.product_id=?
2024-07-01 16:17:32.144 [http-nio-8080-exec-5] DEBUG SQL : select productima0_.product_id as product_3_5_0_, productima0_.id as id1_5_0_, productima0_.id as id1_5_1_, productima0_.product_id as product_3_5_1_, productima0_.url_image as url_imag2_5_1_ from product_image productima0_ where productima0_.product_id=?
2024-07-01 16:17:36.131 [http-nio-8080-exec-10] DEBUG SQL : select category0_.id as id1_1_, category0_.category_name as category2_1_ from category category0_
2024-07-01 16:17:36.133 [http-nio-8080-exec-10] DEBUG SQL : select product0_.id as id1_4_, product0_.category_id as categor10_4_, product0_.created_at as created_2_4_, product0_.description as descript3_4_, product0_.is_active as is_activ4_4_, product0_.is_selling as is_selli5_4_, product0_.price as price6_4_, product0_.product_name as product_7_4_, product0_.quantity as quantity8_4_, product0_.sold as sold9_4_ from product product0_ where product0_.id=?
2024-07-01 16:17:36.191 [http-nio-8080-exec-10] DEBUG SQL : select productima0_.product_id as product_3_5_0_, productima0_.id as id1_5_0_, productima0_.id as id1_5_1_, productima0_.product_id as product_3_5_1_, productima0_.url_image as url_imag2_5_1_ from product_image productima0_ where productima0_.product_id=?
2024-07-01 16:18:30.296 [http-nio-8080-exec-9] DEBUG SQL : select order0_.id as id1_2_, order0_.address as address2_2_, order0_.booking_date as booking_3_2_, order0_.country as country4_2_, order0_.email as email5_2_, order0_.fullname as fullname6_2_, order0_.note as note7_2_, order0_.payment_method as payment_8_2_, order0_.phone as phone9_2_, order0_.status as status10_2_, order0_.total as total11_2_, order0_.user_id as user_id12_2_ from `order` order0_
2024-07-01 16:18:30.297 [http-nio-8080-exec-9] DEBUG SQL : select user0_.id as id1_6_0_, user0_.avatar as avatar2_6_0_, user0_.email as email3_6_0_, user0_.full_name as full_nam4_6_0_, user0_.login_type as login_ty5_6_0_, user0_.password as password6_6_0_, user0_.phone_number as phone_nu7_6_0_, user0_.role as role8_6_0_ from user user0_ where user0_.id=?
2024-07-01 16:18:30.299 [http-nio-8080-exec-9] DEBUG SQL : select user0_.id as id1_6_0_, user0_.avatar as avatar2_6_0_, user0_.email as email3_6_0_, user0_.full_name as full_nam4_6_0_, user0_.login_type as login_ty5_6_0_, user0_.password as password6_6_0_, user0_.phone_number as phone_nu7_6_0_, user0_.role as role8_6_0_ from user user0_ where user0_.id=?
2024-07-01 16:18:30.300 [http-nio-8080-exec-9] DEBUG SQL : select user0_.id as id1_6_0_, user0_.avatar as avatar2_6_0_, user0_.email as email3_6_0_, user0_.full_name as full_nam4_6_0_, user0_.login_type as login_ty5_6_0_, user0_.password as password6_6_0_, user0_.phone_number as phone_nu7_6_0_, user0_.role as role8_6_0_ from user user0_ where user0_.id=?
2024-07-01 16:18:30.304 [http-nio-8080-exec-9] DEBUG SQL : select product0_.id as id1_4_, product0_.category_id as categor10_4_, product0_.created_at as created_2_4_, product0_.description as descript3_4_, product0_.is_active as is_activ4_4_, product0_.is_selling as is_selli5_4_, product0_.price as price6_4_, product0_.product_name as product_7_4_, product0_.quantity as quantity8_4_, product0_.sold as sold9_4_ from product product0_
2024-07-01 16:18:30.308 [http-nio-8080-exec-9] DEBUG SQL : select category0_.id as id1_1_0_, category0_.category_name as category2_1_0_ from category category0_ where category0_.id=?
2024-07-01 16:18:30.309 [http-nio-8080-exec-9] DEBUG SQL : select category0_.id as id1_1_0_, category0_.category_name as category2_1_0_ from category category0_ where category0_.id=?
2024-07-01 16:18:30.310 [http-nio-8080-exec-9] DEBUG SQL : select category0_.id as id1_1_0_, category0_.category_name as category2_1_0_ from category category0_ where category0_.id=?
2024-07-01 16:18:30.312 [http-nio-8080-exec-9] DEBUG SQL : select category0_.id as id1_1_0_, category0_.category_name as category2_1_0_ from category category0_ where category0_.id=?
2024-07-01 16:18:30.313 [http-nio-8080-exec-9] DEBUG SQL : select category0_.id as id1_1_0_, category0_.category_name as category2_1_0_ from category category0_ where category0_.id=?
2024-07-01 16:18:30.316 [http-nio-8080-exec-9] DEBUG SQL : select user0_.id as id1_6_, user0_.avatar as avatar2_6_, user0_.email as email3_6_, user0_.full_name as full_nam4_6_, user0_.login_type as login_ty5_6_, user0_.password as password6_6_, user0_.phone_number as phone_nu7_6_, user0_.role as role8_6_ from user user0_
2024-07-01 16:18:30.317 [http-nio-8080-exec-9] DEBUG SQL : select category0_.id as id1_1_, category0_.category_name as category2_1_ from category category0_
2024-07-01 16:18:30.319 [http-nio-8080-exec-9] DEBUG SQL : Select * From `order` o ORDER BY o.id DESC LIMIT 5;
2024-07-01 16:18:30.320 [http-nio-8080-exec-9] DEBUG SQL : Select distinct o.user_id From `order` o ORDER BY o.id DESC LIMIT 5;
2024-07-01 16:18:30.322 [http-nio-8080-exec-9] DEBUG SQL : select user0_.id as id1_6_, user0_.avatar as avatar2_6_, user0_.email as email3_6_, user0_.full_name as full_nam4_6_, user0_.login_type as login_ty5_6_, user0_.password as password6_6_, user0_.phone_number as phone_nu7_6_, user0_.role as role8_6_ from user user0_ where user0_.id=? and user0_.role=?
2024-07-01 16:18:30.322 [http-nio-8080-exec-9] DEBUG SQL : select user0_.id as id1_6_, user0_.avatar as avatar2_6_, user0_.email as email3_6_, user0_.full_name as full_nam4_6_, user0_.login_type as login_ty5_6_, user0_.password as password6_6_, user0_.phone_number as phone_nu7_6_, user0_.role as role8_6_ from user user0_ where user0_.id=? and user0_.role=?
2024-07-01 16:18:30.325 [http-nio-8080-exec-9] DEBUG SQL : select user0_.id as id1_6_, user0_.avatar as avatar2_6_, user0_.email as email3_6_, user0_.full_name as full_nam4_6_, user0_.login_type as login_ty5_6_, user0_.password as password6_6_, user0_.phone_number as phone_nu7_6_, user0_.role as role8_6_ from user user0_ where user0_.id=? and user0_.role=?
2024-07-01 16:18:32.958 [http-nio-8080-exec-1] DEBUG SQL : select order0_.id as id1_2_0_, order0_.address as address2_2_0_, order0_.booking_date as booking_3_2_0_, order0_.country as country4_2_0_, order0_.email as email5_2_0_, order0_.fullname as fullname6_2_0_, order0_.note as note7_2_0_, order0_.payment_method as payment_8_2_0_, order0_.phone as phone9_2_0_, order0_.status as status10_2_0_, order0_.total as total11_2_0_, order0_.user_id as user_id12_2_0_, user1_.id as id1_6_1_, user1_.avatar as avatar2_6_1_, user1_.email as email3_6_1_, user1_.full_name as full_nam4_6_1_, user1_.login_type as login_ty5_6_1_, user1_.password as password6_6_1_, user1_.phone_number as phone_nu7_6_1_, user1_.role as role8_6_1_ from `order` order0_ left outer join user user1_ on order0_.user_id=user1_.id where order0_.id=?
2024-07-01 16:18:32.966 [http-nio-8080-exec-1] DEBUG SQL : select order_item0_.id as id1_3_, order_item0_.count as count2_3_, order_item0_.order_id as order_id3_3_, order_item0_.product_id as product_4_3_ from order_item order_item0_ left outer join `order` order1_ on order_item0_.order_id=order1_.id where order1_.id=?
2024-07-01 16:18:32.967 [http-nio-8080-exec-1] DEBUG SQL : select product0_.id as id1_4_0_, product0_.category_id as categor10_4_0_, product0_.created_at as created_2_4_0_, product0_.description as descript3_4_0_, product0_.is_active as is_activ4_4_0_, product0_.is_selling as is_selli5_4_0_, product0_.price as price6_4_0_, product0_.product_name as product_7_4_0_, product0_.quantity as quantity8_4_0_, product0_.sold as sold9_4_0_, category1_.id as id1_1_1_, category1_.category_name as category2_1_1_ from product product0_ left outer join category category1_ on product0_.category_id=category1_.id where product0_.id=?
2024-07-01 16:18:41.399 [http-nio-8080-exec-8] DEBUG SQL : select order0_.id as id1_2_, order0_.address as address2_2_, order0_.booking_date as booking_3_2_, order0_.country as country4_2_, order0_.email as email5_2_, order0_.fullname as fullname6_2_, order0_.note as note7_2_, order0_.payment_method as payment_8_2_, order0_.phone as phone9_2_, order0_.status as status10_2_, order0_.total as total11_2_, order0_.user_id as user_id12_2_ from `order` order0_ limit ?
2024-07-01 16:18:41.400 [http-nio-8080-exec-8] DEBUG SQL : select user0_.id as id1_6_0_, user0_.avatar as avatar2_6_0_, user0_.email as email3_6_0_, user0_.full_name as full_nam4_6_0_, user0_.login_type as login_ty5_6_0_, user0_.password as password6_6_0_, user0_.phone_number as phone_nu7_6_0_, user0_.role as role8_6_0_ from user user0_ where user0_.id=?
2024-07-01 16:18:41.401 [http-nio-8080-exec-8] DEBUG SQL : select user0_.id as id1_6_0_, user0_.avatar as avatar2_6_0_, user0_.email as email3_6_0_, user0_.full_name as full_nam4_6_0_, user0_.login_type as login_ty5_6_0_, user0_.password as password6_6_0_, user0_.phone_number as phone_nu7_6_0_, user0_.role as role8_6_0_ from user user0_ where user0_.id=?
2024-07-01 16:18:41.403 [http-nio-8080-exec-8] DEBUG SQL : select count(order0_.id) as col_0_0_ from `order` order0_
2024-07-01 16:18:41.435 [http-nio-8080-exec-8] DEBUG SQL : select order_item0_.order_id as order_id3_3_0_, order_item0_.id as id1_3_0_, order_item0_.id as id1_3_1_, order_item0_.count as count2_3_1_, order_item0_.order_id as order_id3_3_1_, order_item0_.product_id as product_4_3_1_, product1_.id as id1_4_2_, product1_.category_id as categor10_4_2_, product1_.created_at as created_2_4_2_, product1_.description as descript3_4_2_, product1_.is_active as is_activ4_4_2_, product1_.is_selling as is_selli5_4_2_, product1_.price as price6_4_2_, product1_.product_name as product_7_4_2_, product1_.quantity as quantity8_4_2_, product1_.sold as sold9_4_2_, category2_.id as id1_1_3_, category2_.category_name as category2_1_3_ from order_item order_item0_ left outer join product product1_ on order_item0_.product_id=product1_.id left outer join category category2_ on product1_.category_id=category2_.id where order_item0_.order_id=?
2024-07-01 16:18:41.439 [http-nio-8080-exec-8] DEBUG SQL : select order_item0_.order_id as order_id3_3_0_, order_item0_.id as id1_3_0_, order_item0_.id as id1_3_1_, order_item0_.count as count2_3_1_, order_item0_.order_id as order_id3_3_1_, order_item0_.product_id as product_4_3_1_, product1_.id as id1_4_2_, product1_.category_id as categor10_4_2_, product1_.created_at as created_2_4_2_, product1_.description as descript3_4_2_, product1_.is_active as is_activ4_4_2_, product1_.is_selling as is_selli5_4_2_, product1_.price as price6_4_2_, product1_.product_name as product_7_4_2_, product1_.quantity as quantity8_4_2_, product1_.sold as sold9_4_2_, category2_.id as id1_1_3_, category2_.category_name as category2_1_3_ from order_item order_item0_ left outer join product product1_ on order_item0_.product_id=product1_.id left outer join category category2_ on product1_.category_id=category2_.id where order_item0_.order_id=?
2024-07-01 16:18:41.443 [http-nio-8080-exec-8] DEBUG SQL : select order_item0_.order_id as order_id3_3_0_, order_item0_.id as id1_3_0_, order_item0_.id as id1_3_1_, order_item0_.count as count2_3_1_, order_item0_.order_id as order_id3_3_1_, order_item0_.product_id as product_4_3_1_, product1_.id as id1_4_2_, product1_.category_id as categor10_4_2_, product1_.created_at as created_2_4_2_, product1_.description as descript3_4_2_, product1_.is_active as is_activ4_4_2_, product1_.is_selling as is_selli5_4_2_, product1_.price as price6_4_2_, product1_.product_name as product_7_4_2_, product1_.quantity as quantity8_4_2_, product1_.sold as sold9_4_2_, category2_.id as id1_1_3_, category2_.category_name as category2_1_3_ from order_item order_item0_ left outer join product product1_ on order_item0_.product_id=product1_.id left outer join category category2_ on product1_.category_id=category2_.id where order_item0_.order_id=?
2024-07-01 16:21:49.801 [http-nio-8080-exec-8] DEBUG SQL : select user0_.id as id1_6_, user0_.avatar as avatar2_6_, user0_.email as email3_6_, user0_.full_name as full_nam4_6_, user0_.login_type as login_ty5_6_, user0_.password as password6_6_, user0_.phone_number as phone_nu7_6_, user0_.role as role8_6_ from user user0_ where user0_.id=? and user0_.role=?
2024-07-01 16:21:49.804 [http-nio-8080-exec-8] DEBUG SQL : select cart0_.id as id1_0_, cart0_.count as count2_0_, cart0_.product_id as product_3_0_, cart0_.user_id as user_id4_0_ from cart cart0_ left outer join user user1_ on cart0_.user_id=user1_.id where user1_.id=?
2024-07-01 16:21:49.806 [http-nio-8080-exec-8] DEBUG SQL : select product0_.id as id1_4_0_, product0_.category_id as categor10_4_0_, product0_.created_at as created_2_4_0_, product0_.description as descript3_4_0_, product0_.is_active as is_activ4_4_0_, product0_.is_selling as is_selli5_4_0_, product0_.price as price6_4_0_, product0_.product_name as product_7_4_0_, product0_.quantity as quantity8_4_0_, product0_.sold as sold9_4_0_, category1_.id as id1_1_1_, category1_.category_name as category2_1_1_ from product product0_ left outer join category category1_ on product0_.category_id=category1_.id where product0_.id=?
2024-07-01 16:21:49.808 [http-nio-8080-exec-8] DEBUG SQL : select cart0_.id as id1_0_, cart0_.count as count2_0_, cart0_.product_id as product_3_0_, cart0_.user_id as user_id4_0_ from cart cart0_ left outer join user user1_ on cart0_.user_id=user1_.id where user1_.id=?
2024-07-01 16:21:49.808 [http-nio-8080-exec-8] DEBUG SQL : Select * From product p ORDER BY p.quantity DESC LIMIT 12;
2024-07-01 16:21:49.810 [http-nio-8080-exec-8] DEBUG SQL : select category0_.id as id1_1_0_, category0_.category_name as category2_1_0_ from category category0_ where category0_.id=?
2024-07-01 16:21:49.811 [http-nio-8080-exec-8] DEBUG SQL : select category0_.id as id1_1_0_, category0_.category_name as category2_1_0_ from category category0_ where category0_.id=?
2024-07-01 16:21:49.811 [http-nio-8080-exec-8] DEBUG SQL : select category0_.id as id1_1_0_, category0_.category_name as category2_1_0_ from category category0_ where category0_.id=?
2024-07-01 16:21:49.813 [http-nio-8080-exec-8] DEBUG SQL : Select * From product p ORDER BY p.created_at DESC LIMIT 12;
2024-07-01 16:21:49.814 [http-nio-8080-exec-8] DEBUG SQL : select category0_.id as id1_1_0_, category0_.category_name as category2_1_0_ from category category0_ where category0_.id=?
2024-07-01 16:21:49.819 [http-nio-8080-exec-8] DEBUG SQL : select productima0_.product_id as product_3_5_0_, productima0_.id as id1_5_0_, productima0_.id as id1_5_1_, productima0_.product_id as product_3_5_1_, productima0_.url_image as url_imag2_5_1_ from product_image productima0_ where productima0_.product_id=?
2024-07-01 16:21:49.821 [http-nio-8080-exec-8] DEBUG SQL : select productima0_.product_id as product_3_5_0_, productima0_.id as id1_5_0_, productima0_.id as id1_5_1_, productima0_.product_id as product_3_5_1_, productima0_.url_image as url_imag2_5_1_ from product_image productima0_ where productima0_.product_id=?
2024-07-01 16:21:49.823 [http-nio-8080-exec-8] DEBUG SQL : select productima0_.product_id as product_3_5_0_, productima0_.id as id1_5_0_, productima0_.id as id1_5_1_, productima0_.product_id as product_3_5_1_, productima0_.url_image as url_imag2_5_1_ from product_image productima0_ where productima0_.product_id=?
2024-07-01 16:21:49.825 [http-nio-8080-exec-8] DEBUG SQL : select productima0_.product_id as product_3_5_0_, productima0_.id as id1_5_0_, productima0_.id as id1_5_1_, productima0_.product_id as product_3_5_1_, productima0_.url_image as url_imag2_5_1_ from product_image productima0_ where productima0_.product_id=?
2024-07-01 16:21:49.826 [http-nio-8080-exec-8] DEBUG SQL : select productima0_.product_id as product_3_5_0_, productima0_.id as id1_5_0_, productima0_.id as id1_5_1_, productima0_.product_id as product_3_5_1_, productima0_.url_image as url_imag2_5_1_ from product_image productima0_ where productima0_.product_id=?
2024-07-01 16:21:49.830 [http-nio-8080-exec-8] DEBUG SQL : select productima0_.product_id as product_3_5_0_, productima0_.id as id1_5_0_, productima0_.id as id1_5_1_, productima0_.product_id as product_3_5_1_, productima0_.url_image as url_imag2_5_1_ from product_image productima0_ where productima0_.product_id=?
2024-07-01 16:21:49.832 [http-nio-8080-exec-8] DEBUG SQL : select productima0_.product_id as product_3_5_0_, productima0_.id as id1_5_0_, productima0_.id as id1_5_1_, productima0_.product_id as product_3_5_1_, productima0_.url_image as url_imag2_5_1_ from product_image productima0_ where productima0_.product_id=?
2024-07-01 16:21:49.835 [http-nio-8080-exec-8] DEBUG SQL : select productima0_.product_id as product_3_5_0_, productima0_.id as id1_5_0_, productima0_.id as id1_5_1_, productima0_.product_id as product_3_5_1_, productima0_.url_image as url_imag2_5_1_ from product_image productima0_ where productima0_.product_id=?
2024-07-01 16:21:49.838 [http-nio-8080-exec-8] DEBUG SQL : select productima0_.product_id as product_3_5_0_, productima0_.id as id1_5_0_, productima0_.id as id1_5_1_, productima0_.product_id as product_3_5_1_, productima0_.url_image as url_imag2_5_1_ from product_image productima0_ where productima0_.product_id=?
2024-07-01 16:21:49.840 [http-nio-8080-exec-8] DEBUG SQL : select productima0_.product_id as product_3_5_0_, productima0_.id as id1_5_0_, productima0_.id as id1_5_1_, productima0_.product_id as product_3_5_1_, productima0_.url_image as url_imag2_5_1_ from product_image productima0_ where productima0_.product_id=?
2024-07-01 16:21:49.844 [http-nio-8080-exec-8] DEBUG SQL : select productima0_.product_id as product_3_5_0_, productima0_.id as id1_5_0_, productima0_.id as id1_5_1_, productima0_.product_id as product_3_5_1_, productima0_.url_image as url_imag2_5_1_ from product_image productima0_ where productima0_.product_id=?
2024-07-01 16:21:49.849 [http-nio-8080-exec-8] DEBUG SQL : select productima0_.product_id as product_3_5_0_, productima0_.id as id1_5_0_, productima0_.id as id1_5_1_, productima0_.product_id as product_3_5_1_, productima0_.url_image as url_imag2_5_1_ from product_image productima0_ where productima0_.product_id=?
2024-07-01 16:21:49.852 [http-nio-8080-exec-8] DEBUG SQL : select productima0_.product_id as product_3_5_0_, productima0_.id as id1_5_0_, productima0_.id as id1_5_1_, productima0_.product_id as product_3_5_1_, productima0_.url_image as url_imag2_5_1_ from product_image productima0_ where productima0_.product_id=?
2024-07-01 16:21:49.855 [http-nio-8080-exec-8] DEBUG SQL : select productima0_.product_id as product_3_5_0_, productima0_.id as id1_5_0_, productima0_.id as id1_5_1_, productima0_.product_id as product_3_5_1_, productima0_.url_image as url_imag2_5_1_ from product_image productima0_ where productima0_.product_id=?
2024-07-01 16:21:49.857 [http-nio-8080-exec-8] DEBUG SQL : select productima0_.product_id as product_3_5_0_, productima0_.id as id1_5_0_, productima0_.id as id1_5_1_, productima0_.product_id as product_3_5_1_, productima0_.url_image as url_imag2_5_1_ from product_image productima0_ where productima0_.product_id=?
2024-07-01 16:21:49.860 [http-nio-8080-exec-8] DEBUG SQL : select productima0_.product_id as product_3_5_0_, productima0_.id as id1_5_0_, productima0_.id as id1_5_1_, productima0_.product_id as product_3_5_1_, productima0_.url_image as url_imag2_5_1_ from product_image productima0_ where productima0_.product_id=?
2024-07-01 16:21:49.863 [http-nio-8080-exec-8] DEBUG SQL : select productima0_.product_id as product_3_5_0_, productima0_.id as id1_5_0_, productima0_.id as id1_5_1_, productima0_.product_id as product_3_5_1_, productima0_.url_image as url_imag2_5_1_ from product_image productima0_ where productima0_.product_id=?
2024-07-01 16:21:49.866 [http-nio-8080-exec-8] DEBUG SQL : select productima0_.product_id as product_3_5_0_, productima0_.id as id1_5_0_, productima0_.id as id1_5_1_, productima0_.product_id as product_3_5_1_, productima0_.url_image as url_imag2_5_1_ from product_image productima0_ where productima0_.product_id=?
2024-07-01 16:21:49.869 [http-nio-8080-exec-8] DEBUG SQL : select productima0_.product_id as product_3_5_0_, productima0_.id as id1_5_0_, productima0_.id as id1_5_1_, productima0_.product_id as product_3_5_1_, productima0_.url_image as url_imag2_5_1_ from product_image productima0_ where productima0_.product_id=?
2024-07-01 16:21:49.873 [http-nio-8080-exec-8] DEBUG SQL : select productima0_.product_id as product_3_5_0_, productima0_.id as id1_5_0_, productima0_.id as id1_5_1_, productima0_.product_id as product_3_5_1_, productima0_.url_image as url_imag2_5_1_ from product_image productima0_ where productima0_.product_id=?
